<?xml version="1.0" encoding="UTF-8"?>
<!-- Generated by org.testng.reporters.JUnitReportReporter -->
<testsuite hostname="Shreyanvi" failures="0" tests="1" name="Demo.SeleniumDemoProgram" time="9.021" errors="0" timestamp="2023-12-13T09:49:44 IST" skipped="0">
  <testcase classname="Demo.SeleniumDemoProgram" name="loginTest" time="9.021"/>
</testsuite> <!-- Demo.SeleniumDemoProgram -->
