<?xml version="1.0" encoding="UTF-8"?>
<!-- Generated by org.testng.reporters.JUnitReportReporter -->
<testsuite hostname="Shreyanvi" failures="0" tests="1" name="Demo.SeleniumDemoProgram" time="12.948" errors="0" timestamp="2023-12-13T11:33:50 IST" skipped="0">
  <testcase classname="Demo.SeleniumDemoProgram" name="loginTest" time="12.948"/>
</testsuite> <!-- Demo.SeleniumDemoProgram -->
