<?xml version="1.0" encoding="UTF-8"?>
<!-- Generated by org.testng.reporters.JUnitReportReporter -->
<testsuite hostname="Shreyanvi" failures="0" tests="1" name="Demo.First" time="0.000" errors="0" timestamp="2023-12-13T10:24:05 IST" skipped="0">
  <testcase classname="Demo.First" name="demo" time="0.000"/>
</testsuite> <!-- Demo.First -->
